[0.251s] Invoking command in '/home/xkzhai/LearnRos2/chap03/topic_ws/src/demo_python_topic': PYTHONPATH=/home/xkzhai/LearnRos2/chap03/topic_ws/build/demo_python_topic/prefix_override:/usr/lib/python3/dist-packages/colcon_core/task/python/colcon_distutils_commands:/home/xkzhai/LearnRos2/chap03/topic_ws/install/demo_python_topic/lib/python3.10/site-packages:${PYTHONPATH} /usr/bin/python3 -W ignore:setup.py install is deprecated -W ignore:easy_install command is deprecated setup.py egg_info --egg-base ../../build/demo_python_topic build --build-base /home/xkzhai/LearnRos2/chap03/topic_ws/build/demo_python_topic/build install --record /home/xkzhai/LearnRos2/chap03/topic_ws/build/demo_python_topic/install.log --single-version-externally-managed install_data
[0.353s] running egg_info
[0.353s] writing ../../build/demo_python_topic/demo_python_topic.egg-info/PKG-INFO
[0.353s] writing dependency_links to ../../build/demo_python_topic/demo_python_topic.egg-info/dependency_links.txt
[0.354s] writing entry points to ../../build/demo_python_topic/demo_python_topic.egg-info/entry_points.txt
[0.354s] writing requirements to ../../build/demo_python_topic/demo_python_topic.egg-info/requires.txt
[0.354s] writing top-level names to ../../build/demo_python_topic/demo_python_topic.egg-info/top_level.txt
[0.354s] reading manifest file '../../build/demo_python_topic/demo_python_topic.egg-info/SOURCES.txt'
[0.355s] writing manifest file '../../build/demo_python_topic/demo_python_topic.egg-info/SOURCES.txt'
[0.355s] running build
[0.355s] running build_py
[0.355s] copying demo_python_topic/novel_sub_node.py -> /home/xkzhai/LearnRos2/chap03/topic_ws/build/demo_python_topic/build/lib/demo_python_topic
[0.355s] running install
[0.355s] running install_lib
[0.356s] copying /home/xkzhai/LearnRos2/chap03/topic_ws/build/demo_python_topic/build/lib/demo_python_topic/novel_sub_node.py -> /home/xkzhai/LearnRos2/chap03/topic_ws/install/demo_python_topic/lib/python3.10/site-packages/demo_python_topic
[0.356s] byte-compiling /home/xkzhai/LearnRos2/chap03/topic_ws/install/demo_python_topic/lib/python3.10/site-packages/demo_python_topic/novel_sub_node.py to novel_sub_node.cpython-310.pyc
[0.356s] running install_data
[0.356s] running install_egg_info
[0.357s] removing '/home/xkzhai/LearnRos2/chap03/topic_ws/install/demo_python_topic/lib/python3.10/site-packages/demo_python_topic-0.0.0-py3.10.egg-info' (and everything under it)
[0.357s] Copying ../../build/demo_python_topic/demo_python_topic.egg-info to /home/xkzhai/LearnRos2/chap03/topic_ws/install/demo_python_topic/lib/python3.10/site-packages/demo_python_topic-0.0.0-py3.10.egg-info
[0.357s] running install_scripts
[0.367s] Installing novel_pub_node script to /home/xkzhai/LearnRos2/chap03/topic_ws/install/demo_python_topic/lib/demo_python_topic
[0.367s] Installing novel_sub_node script to /home/xkzhai/LearnRos2/chap03/topic_ws/install/demo_python_topic/lib/demo_python_topic
[0.367s] writing list of installed files to '/home/xkzhai/LearnRos2/chap03/topic_ws/build/demo_python_topic/install.log'
[0.377s] Invoked command in '/home/xkzhai/LearnRos2/chap03/topic_ws/src/demo_python_topic' returned '0': PYTHONPATH=/home/xkzhai/LearnRos2/chap03/topic_ws/build/demo_python_topic/prefix_override:/usr/lib/python3/dist-packages/colcon_core/task/python/colcon_distutils_commands:/home/xkzhai/LearnRos2/chap03/topic_ws/install/demo_python_topic/lib/python3.10/site-packages:${PYTHONPATH} /usr/bin/python3 -W ignore:setup.py install is deprecated -W ignore:easy_install command is deprecated setup.py egg_info --egg-base ../../build/demo_python_topic build --build-base /home/xkzhai/LearnRos2/chap03/topic_ws/build/demo_python_topic/build install --record /home/xkzhai/LearnRos2/chap03/topic_ws/build/demo_python_topic/install.log --single-version-externally-managed install_data
