[0.006s] Invoking command in '/home/xkzhai/LearnRos2/chap03/topic_ws/build/demo_cpp_topic': CMAKE_PREFIX_PATH=${CMAKE_PREFIX_PATH}:/home/xkzhai/LearnRos2/chap03/topic_ws/install/demo_python_topic:/opt/ros/humble /usr/bin/cmake --build /home/xkzhai/LearnRos2/chap03/topic_ws/build/demo_cpp_topic -- -j24 -l24
[0.033s] [35m[1mConsolidate compiler generated dependencies of target turtle_control[0m
[0.041s] [ 50%] Built target turtle_circle
[0.041s] [ 75%] [32mBuilding CXX object CMakeFiles/turtle_control.dir/src/turtle_control.cpp.o[0m
[3.755s] [100%] [32m[1mLinking CXX executable turtle_control[0m
[3.952s] [100%] Built target turtle_control
[3.959s] Invoked command in '/home/xkzhai/LearnRos2/chap03/topic_ws/build/demo_cpp_topic' returned '0': CMAKE_PREFIX_PATH=${CMAKE_PREFIX_PATH}:/home/xkzhai/LearnRos2/chap03/topic_ws/install/demo_python_topic:/opt/ros/humble /usr/bin/cmake --build /home/xkzhai/LearnRos2/chap03/topic_ws/build/demo_cpp_topic -- -j24 -l24
[3.965s] Invoking command in '/home/xkzhai/LearnRos2/chap03/topic_ws/build/demo_cpp_topic': CMAKE_PREFIX_PATH=${CMAKE_PREFIX_PATH}:/home/xkzhai/LearnRos2/chap03/topic_ws/install/demo_python_topic:/opt/ros/humble /usr/bin/cmake --install /home/xkzhai/LearnRos2/chap03/topic_ws/build/demo_cpp_topic
[3.969s] -- Install configuration: ""
[3.969s] -- Up-to-date: /home/xkzhai/LearnRos2/chap03/topic_ws/install/demo_cpp_topic/lib/demo_cpp_topic/turtle_circle
[3.969s] -- Installing: /home/xkzhai/LearnRos2/chap03/topic_ws/install/demo_cpp_topic/lib/demo_cpp_topic/turtle_control
[3.971s] -- Set runtime path of "/home/xkzhai/LearnRos2/chap03/topic_ws/install/demo_cpp_topic/lib/demo_cpp_topic/turtle_control" to ""
[3.971s] -- Up-to-date: /home/xkzhai/LearnRos2/chap03/topic_ws/install/demo_cpp_topic/share/ament_index/resource_index/package_run_dependencies/demo_cpp_topic
[3.971s] -- Up-to-date: /home/xkzhai/LearnRos2/chap03/topic_ws/install/demo_cpp_topic/share/ament_index/resource_index/parent_prefix_path/demo_cpp_topic
[3.971s] -- Up-to-date: /home/xkzhai/LearnRos2/chap03/topic_ws/install/demo_cpp_topic/share/demo_cpp_topic/environment/ament_prefix_path.sh
[3.971s] -- Up-to-date: /home/xkzhai/LearnRos2/chap03/topic_ws/install/demo_cpp_topic/share/demo_cpp_topic/environment/ament_prefix_path.dsv
[3.971s] -- Up-to-date: /home/xkzhai/LearnRos2/chap03/topic_ws/install/demo_cpp_topic/share/demo_cpp_topic/environment/path.sh
[3.971s] -- Up-to-date: /home/xkzhai/LearnRos2/chap03/topic_ws/install/demo_cpp_topic/share/demo_cpp_topic/environment/path.dsv
[3.971s] -- Up-to-date: /home/xkzhai/LearnRos2/chap03/topic_ws/install/demo_cpp_topic/share/demo_cpp_topic/local_setup.bash
[3.971s] -- Up-to-date: /home/xkzhai/LearnRos2/chap03/topic_ws/install/demo_cpp_topic/share/demo_cpp_topic/local_setup.sh
[3.971s] -- Up-to-date: /home/xkzhai/LearnRos2/chap03/topic_ws/install/demo_cpp_topic/share/demo_cpp_topic/local_setup.zsh
[3.972s] -- Up-to-date: /home/xkzhai/LearnRos2/chap03/topic_ws/install/demo_cpp_topic/share/demo_cpp_topic/local_setup.dsv
[3.972s] -- Installing: /home/xkzhai/LearnRos2/chap03/topic_ws/install/demo_cpp_topic/share/demo_cpp_topic/package.dsv
[3.972s] -- Up-to-date: /home/xkzhai/LearnRos2/chap03/topic_ws/install/demo_cpp_topic/share/ament_index/resource_index/packages/demo_cpp_topic
[3.972s] -- Up-to-date: /home/xkzhai/LearnRos2/chap03/topic_ws/install/demo_cpp_topic/share/demo_cpp_topic/cmake/demo_cpp_topicConfig.cmake
[3.972s] -- Up-to-date: /home/xkzhai/LearnRos2/chap03/topic_ws/install/demo_cpp_topic/share/demo_cpp_topic/cmake/demo_cpp_topicConfig-version.cmake
[3.972s] -- Up-to-date: /home/xkzhai/LearnRos2/chap03/topic_ws/install/demo_cpp_topic/share/demo_cpp_topic/package.xml
[3.973s] Invoked command in '/home/xkzhai/LearnRos2/chap03/topic_ws/build/demo_cpp_topic' returned '0': CMAKE_PREFIX_PATH=${CMAKE_PREFIX_PATH}:/home/xkzhai/LearnRos2/chap03/topic_ws/install/demo_python_topic:/opt/ros/humble /usr/bin/cmake --install /home/xkzhai/LearnRos2/chap03/topic_ws/build/demo_cpp_topic
