[0.005s] Invoking command in '/home/xkzhai/LearnRos2/chap02/chap02_ws/build/demo_cpp_pkg': CMAKE_PREFIX_PATH=${CMAKE_PREFIX_PATH}:/home/xkzhai/LearnRos2/chap02/chap02_ws/install/demo_python_pkg:/opt/ros/humble /usr/bin/cmake --build /home/xkzhai/LearnRos2/chap02/chap02_ws/build/demo_cpp_pkg -- -j24 -l24
[0.019s] -- Found ament_cmake: 1.3.11 (/opt/ros/humble/share/ament_cmake/cmake)
[0.101s] -- Found rclcpp: 16.0.11 (/opt/ros/humble/share/rclcpp/cmake)
[0.114s] -- Found rosidl_generator_c: 3.1.6 (/opt/ros/humble/share/rosidl_generator_c/cmake)
[0.115s] -- Found rosidl_adapter: 3.1.6 (/opt/ros/humble/share/rosidl_adapter/cmake)
[0.117s] -- Found rosidl_generator_cpp: 3.1.6 (/opt/ros/humble/share/rosidl_generator_cpp/cmake)
[0.122s] -- Using all available rosidl_typesupport_c: rosidl_typesupport_fastrtps_c;rosidl_typesupport_introspection_c
[0.127s] -- Using all available rosidl_typesupport_cpp: rosidl_typesupport_fastrtps_cpp;rosidl_typesupport_introspection_cpp
[0.141s] -- Found rmw_implementation_cmake: 6.1.2 (/opt/ros/humble/share/rmw_implementation_cmake/cmake)
[0.142s] -- Found rmw_fastrtps_cpp: 6.2.7 (/opt/ros/humble/share/rmw_fastrtps_cpp/cmake)
[0.200s] -- Using RMW implementation 'rmw_fastrtps_cpp' as default
[0.231s] -- Found ament_lint_auto: 0.12.11 (/opt/ros/humble/share/ament_lint_auto/cmake)
[0.262s] -- Added test 'cppcheck' to perform static code analysis on C / C++ code
[0.262s] -- Configured cppcheck include dirs: 
[0.262s] -- Configured cppcheck exclude dirs and/or files: 
[0.262s] -- Added test 'lint_cmake' to check CMake code style
[0.262s] -- Added test 'uncrustify' to check C / C++ code style
[0.262s] -- Configured uncrustify additional arguments: 
[0.262s] -- Added test 'xmllint' to check XML markup files
[0.263s] -- Configuring done
[0.264s] [31mCMake Error at CMakeLists.txt:20 (add_executable):
[0.264s]   Cannot find source file:
[0.264s] 
[0.264s]     src/learn_lambda.cpp
[0.264s] 
[0.264s]   Tried extensions .c .C .c++ .cc .cpp .cxx .cu .mpp .m .M .mm .ixx .cppm .h
[0.264s]   .hh .h++ .hm .hpp .hxx .in .txx .f .F .for .f77 .f90 .f95 .f03 .hip .ispc
[0.264s] 
[0.264s] [0m
[0.264s] [31mCMake Error at CMakeLists.txt:20 (add_executable):
[0.264s]   No SOURCES given to target: learn_lambda
[0.264s] 
[0.264s] [0m
[0.264s] [0mCMake Generate step failed.  Build files cannot be regenerated correctly.[0m
[0.267s] gmake: *** [Makefile:390: cmake_check_build_system] Error 1
[0.269s] Invoked command in '/home/xkzhai/LearnRos2/chap02/chap02_ws/build/demo_cpp_pkg' returned '2': CMAKE_PREFIX_PATH=${CMAKE_PREFIX_PATH}:/home/xkzhai/LearnRos2/chap02/chap02_ws/install/demo_python_pkg:/opt/ros/humble /usr/bin/cmake --build /home/xkzhai/LearnRos2/chap02/chap02_ws/build/demo_cpp_pkg -- -j24 -l24
