[0.243s] Invoking command in '/home/xkzhai/LearnRos2/chap02/chap02_ws/src/demo_python_pkg': PYTHONPATH=/home/xkzhai/LearnRos2/chap02/chap02_ws/build/demo_python_pkg/prefix_override:/usr/lib/python3/dist-packages/colcon_core/task/python/colcon_distutils_commands:/home/xkzhai/LearnRos2/chap02/chap02_ws/install/demo_python_pkg/lib/python3.10/site-packages:${PYTHONPATH} /usr/bin/python3 -W ignore:setup.py install is deprecated -W ignore:easy_install command is deprecated setup.py egg_info --egg-base ../../build/demo_python_pkg build --build-base /home/xkzhai/LearnRos2/chap02/chap02_ws/build/demo_python_pkg/build install --record /home/xkzhai/LearnRos2/chap02/chap02_ws/build/demo_python_pkg/install.log --single-version-externally-managed install_data
[0.345s] running egg_info
[0.345s] writing ../../build/demo_python_pkg/demo_python_pkg.egg-info/PKG-INFO
[0.345s] writing dependency_links to ../../build/demo_python_pkg/demo_python_pkg.egg-info/dependency_links.txt
[0.345s] writing entry points to ../../build/demo_python_pkg/demo_python_pkg.egg-info/entry_points.txt
[0.345s] writing requirements to ../../build/demo_python_pkg/demo_python_pkg.egg-info/requires.txt
[0.345s] writing top-level names to ../../build/demo_python_pkg/demo_python_pkg.egg-info/top_level.txt
[0.346s] reading manifest file '../../build/demo_python_pkg/demo_python_pkg.egg-info/SOURCES.txt'
[0.346s] adding license file 'LICENSE'
[0.347s] writing manifest file '../../build/demo_python_pkg/demo_python_pkg.egg-info/SOURCES.txt'
[0.347s] running build
[0.347s] running build_py
[0.347s] copying demo_python_pkg/writer_node.py -> /home/xkzhai/LearnRos2/chap02/chap02_ws/build/demo_python_pkg/build/lib/demo_python_pkg
[0.347s] running install
[0.347s] running install_lib
[0.347s] copying /home/xkzhai/LearnRos2/chap02/chap02_ws/build/demo_python_pkg/build/lib/demo_python_pkg/writer_node.py -> /home/xkzhai/LearnRos2/chap02/chap02_ws/install/demo_python_pkg/lib/python3.10/site-packages/demo_python_pkg
[0.347s] byte-compiling /home/xkzhai/LearnRos2/chap02/chap02_ws/install/demo_python_pkg/lib/python3.10/site-packages/demo_python_pkg/writer_node.py to writer_node.cpython-310.pyc
[0.348s] running install_data
[0.348s] running install_egg_info
[0.348s] removing '/home/xkzhai/LearnRos2/chap02/chap02_ws/install/demo_python_pkg/lib/python3.10/site-packages/demo_python_pkg-0.0.0-py3.10.egg-info' (and everything under it)
[0.349s] Copying ../../build/demo_python_pkg/demo_python_pkg.egg-info to /home/xkzhai/LearnRos2/chap02/chap02_ws/install/demo_python_pkg/lib/python3.10/site-packages/demo_python_pkg-0.0.0-py3.10.egg-info
[0.349s] running install_scripts
[0.358s] Installing person_node script to /home/xkzhai/LearnRos2/chap02/chap02_ws/install/demo_python_pkg/lib/demo_python_pkg
[0.358s] Installing python_node script to /home/xkzhai/LearnRos2/chap02/chap02_ws/install/demo_python_pkg/lib/demo_python_pkg
[0.358s] Installing writer_node script to /home/xkzhai/LearnRos2/chap02/chap02_ws/install/demo_python_pkg/lib/demo_python_pkg
[0.358s] writing list of installed files to '/home/xkzhai/LearnRos2/chap02/chap02_ws/build/demo_python_pkg/install.log'
[0.368s] Invoked command in '/home/xkzhai/LearnRos2/chap02/chap02_ws/src/demo_python_pkg' returned '0': PYTHONPATH=/home/xkzhai/LearnRos2/chap02/chap02_ws/build/demo_python_pkg/prefix_override:/usr/lib/python3/dist-packages/colcon_core/task/python/colcon_distutils_commands:/home/xkzhai/LearnRos2/chap02/chap02_ws/install/demo_python_pkg/lib/python3.10/site-packages:${PYTHONPATH} /usr/bin/python3 -W ignore:setup.py install is deprecated -W ignore:easy_install command is deprecated setup.py egg_info --egg-base ../../build/demo_python_pkg build --build-base /home/xkzhai/LearnRos2/chap02/chap02_ws/build/demo_python_pkg/build install --record /home/xkzhai/LearnRos2/chap02/chap02_ws/build/demo_python_pkg/install.log --single-version-externally-managed install_data
