[0.006s] Invoking command in '/home/xkzhai/LearnRos2/chap02/chap02_ws/build/demo_cpp_pkg': CMAKE_PREFIX_PATH=${CMAKE_PREFIX_PATH}:/home/xkzhai/LearnRos2/chap02/chap02_ws/install/demo_python_pkg:/opt/ros/humble /usr/bin/cmake --build /home/xkzhai/LearnRos2/chap02/chap02_ws/build/demo_cpp_pkg -- -j24 -l24
[0.020s] -- Found ament_cmake: 1.3.11 (/opt/ros/humble/share/ament_cmake/cmake)
[0.103s] -- Found rclcpp: 16.0.11 (/opt/ros/humble/share/rclcpp/cmake)
[0.116s] -- Found rosidl_generator_c: 3.1.6 (/opt/ros/humble/share/rosidl_generator_c/cmake)
[0.117s] -- Found rosidl_adapter: 3.1.6 (/opt/ros/humble/share/rosidl_adapter/cmake)
[0.120s] -- Found rosidl_generator_cpp: 3.1.6 (/opt/ros/humble/share/rosidl_generator_cpp/cmake)
[0.124s] -- Using all available rosidl_typesupport_c: rosidl_typesupport_fastrtps_c;rosidl_typesupport_introspection_c
[0.130s] -- Using all available rosidl_typesupport_cpp: rosidl_typesupport_fastrtps_cpp;rosidl_typesupport_introspection_cpp
[0.144s] -- Found rmw_implementation_cmake: 6.1.2 (/opt/ros/humble/share/rmw_implementation_cmake/cmake)
[0.144s] -- Found rmw_fastrtps_cpp: 6.2.7 (/opt/ros/humble/share/rmw_fastrtps_cpp/cmake)
[0.203s] -- Using RMW implementation 'rmw_fastrtps_cpp' as default
[0.227s] -- Found ament_lint_auto: 0.12.11 (/opt/ros/humble/share/ament_lint_auto/cmake)
[0.258s] -- Added test 'cppcheck' to perform static code analysis on C / C++ code
[0.258s] -- Configured cppcheck include dirs: 
[0.258s] -- Configured cppcheck exclude dirs and/or files: 
[0.258s] -- Added test 'lint_cmake' to check CMake code style
[0.258s] -- Added test 'uncrustify' to check C / C++ code style
[0.259s] -- Configured uncrustify additional arguments: 
[0.259s] -- Added test 'xmllint' to check XML markup files
[0.259s] -- Configuring done
[0.270s] -- Generating done
[0.274s] -- Build files have been written to: /home/xkzhai/LearnRos2/chap02/chap02_ws/build/demo_cpp_pkg
[0.288s] [35m[1mConsolidate compiler generated dependencies of target learn_lambda[0m
[0.290s] [35m[1mConsolidate compiler generated dependencies of target cpp_node[0m
[0.290s] [35m[1mConsolidate compiler generated dependencies of target learn_auto[0m
[0.290s] [35m[1mConsolidate compiler generated dependencies of target learn_shared[0m
[0.290s] [35m[1mConsolidate compiler generated dependencies of target person_node[0m
[0.293s] [  8%] [32mBuilding CXX object CMakeFiles/learn_function.dir/src/learn_function.cpp.o[0m
[0.294s] [ 16%] [32mBuilding CXX object CMakeFiles/learn_lambda.dir/src/learn_Lambda.cpp.o[0m
[0.297s] [ 33%] Built target learn_auto
[0.298s] [ 50%] Built target learn_shared
[0.301s] [ 66%] Built target person_node
[0.302s] [ 83%] Built target cpp_node
[0.462s] [ 91%] [32m[1mLinking CXX executable learn_lambda[0m
[0.462s] [100%] [32m[1mLinking CXX executable learn_function[0m
[0.513s] [100%] Built target learn_function
[0.514s] [100%] Built target learn_lambda
[0.522s] Invoked command in '/home/xkzhai/LearnRos2/chap02/chap02_ws/build/demo_cpp_pkg' returned '0': CMAKE_PREFIX_PATH=${CMAKE_PREFIX_PATH}:/home/xkzhai/LearnRos2/chap02/chap02_ws/install/demo_python_pkg:/opt/ros/humble /usr/bin/cmake --build /home/xkzhai/LearnRos2/chap02/chap02_ws/build/demo_cpp_pkg -- -j24 -l24
[0.531s] Invoking command in '/home/xkzhai/LearnRos2/chap02/chap02_ws/build/demo_cpp_pkg': CMAKE_PREFIX_PATH=${CMAKE_PREFIX_PATH}:/home/xkzhai/LearnRos2/chap02/chap02_ws/install/demo_python_pkg:/opt/ros/humble /usr/bin/cmake --install /home/xkzhai/LearnRos2/chap02/chap02_ws/build/demo_cpp_pkg
[0.537s] -- Install configuration: ""
[0.537s] -- Up-to-date: /home/xkzhai/LearnRos2/chap02/chap02_ws/install/demo_cpp_pkg/lib/demo_cpp_pkg/cpp_node
[0.537s] -- Up-to-date: /home/xkzhai/LearnRos2/chap02/chap02_ws/install/demo_cpp_pkg/lib/demo_cpp_pkg/person_node
[0.538s] -- Up-to-date: /home/xkzhai/LearnRos2/chap02/chap02_ws/install/demo_cpp_pkg/lib/demo_cpp_pkg/learn_auto
[0.538s] -- Up-to-date: /home/xkzhai/LearnRos2/chap02/chap02_ws/install/demo_cpp_pkg/lib/demo_cpp_pkg/learn_shared
[0.538s] -- Installing: /home/xkzhai/LearnRos2/chap02/chap02_ws/install/demo_cpp_pkg/lib/demo_cpp_pkg/learn_lambda
[0.538s] -- Set runtime path of "/home/xkzhai/LearnRos2/chap02/chap02_ws/install/demo_cpp_pkg/lib/demo_cpp_pkg/learn_lambda" to ""
[0.538s] -- Installing: /home/xkzhai/LearnRos2/chap02/chap02_ws/install/demo_cpp_pkg/lib/demo_cpp_pkg/learn_function
[0.539s] -- Set runtime path of "/home/xkzhai/LearnRos2/chap02/chap02_ws/install/demo_cpp_pkg/lib/demo_cpp_pkg/learn_function" to ""
[0.539s] -- Up-to-date: /home/xkzhai/LearnRos2/chap02/chap02_ws/install/demo_cpp_pkg/share/ament_index/resource_index/package_run_dependencies/demo_cpp_pkg
[0.539s] -- Up-to-date: /home/xkzhai/LearnRos2/chap02/chap02_ws/install/demo_cpp_pkg/share/ament_index/resource_index/parent_prefix_path/demo_cpp_pkg
[0.539s] -- Up-to-date: /home/xkzhai/LearnRos2/chap02/chap02_ws/install/demo_cpp_pkg/share/demo_cpp_pkg/environment/ament_prefix_path.sh
[0.539s] -- Installing: /home/xkzhai/LearnRos2/chap02/chap02_ws/install/demo_cpp_pkg/share/demo_cpp_pkg/environment/ament_prefix_path.dsv
[0.539s] -- Up-to-date: /home/xkzhai/LearnRos2/chap02/chap02_ws/install/demo_cpp_pkg/share/demo_cpp_pkg/environment/path.sh
[0.539s] -- Installing: /home/xkzhai/LearnRos2/chap02/chap02_ws/install/demo_cpp_pkg/share/demo_cpp_pkg/environment/path.dsv
[0.539s] -- Up-to-date: /home/xkzhai/LearnRos2/chap02/chap02_ws/install/demo_cpp_pkg/share/demo_cpp_pkg/local_setup.bash
[0.540s] -- Up-to-date: /home/xkzhai/LearnRos2/chap02/chap02_ws/install/demo_cpp_pkg/share/demo_cpp_pkg/local_setup.sh
[0.540s] -- Up-to-date: /home/xkzhai/LearnRos2/chap02/chap02_ws/install/demo_cpp_pkg/share/demo_cpp_pkg/local_setup.zsh
[0.540s] -- Installing: /home/xkzhai/LearnRos2/chap02/chap02_ws/install/demo_cpp_pkg/share/demo_cpp_pkg/local_setup.dsv
[0.540s] -- Installing: /home/xkzhai/LearnRos2/chap02/chap02_ws/install/demo_cpp_pkg/share/demo_cpp_pkg/package.dsv
[0.540s] -- Up-to-date: /home/xkzhai/LearnRos2/chap02/chap02_ws/install/demo_cpp_pkg/share/ament_index/resource_index/packages/demo_cpp_pkg
[0.540s] -- Up-to-date: /home/xkzhai/LearnRos2/chap02/chap02_ws/install/demo_cpp_pkg/share/demo_cpp_pkg/cmake/demo_cpp_pkgConfig.cmake
[0.540s] -- Up-to-date: /home/xkzhai/LearnRos2/chap02/chap02_ws/install/demo_cpp_pkg/share/demo_cpp_pkg/cmake/demo_cpp_pkgConfig-version.cmake
[0.540s] -- Up-to-date: /home/xkzhai/LearnRos2/chap02/chap02_ws/install/demo_cpp_pkg/share/demo_cpp_pkg/package.xml
[0.542s] Invoked command in '/home/xkzhai/LearnRos2/chap02/chap02_ws/build/demo_cpp_pkg' returned '0': CMAKE_PREFIX_PATH=${CMAKE_PREFIX_PATH}:/home/xkzhai/LearnRos2/chap02/chap02_ws/install/demo_python_pkg:/opt/ros/humble /usr/bin/cmake --install /home/xkzhai/LearnRos2/chap02/chap02_ws/build/demo_cpp_pkg
