[0.006s] Invoking command in '/home/xkzhai/LearnRos2/chap03/topic_ws/build/demo_cpp_topic': CMAKE_PREFIX_PATH=/home/xkzhai/LearnRos2/chap03/topic_ws/install/demo_python_topic:/opt/ros/humble /usr/bin/cmake --build /home/xkzhai/LearnRos2/chap03/topic_ws/build/demo_cpp_topic -- -j24 -l24
[0.029s] [35m[1mConsolidate compiler generated dependencies of target turtle_circle[0m
[0.040s] [100%] Built target turtle_circle
[0.114s] Invoked command in '/home/xkzhai/LearnRos2/chap03/topic_ws/build/demo_cpp_topic' returned '0': CMAKE_PREFIX_PATH=/home/xkzhai/LearnRos2/chap03/topic_ws/install/demo_python_topic:/opt/ros/humble /usr/bin/cmake --build /home/xkzhai/LearnRos2/chap03/topic_ws/build/demo_cpp_topic -- -j24 -l24
[0.120s] Invoking command in '/home/xkzhai/LearnRos2/chap03/topic_ws/build/demo_cpp_topic': CMAKE_PREFIX_PATH=/home/xkzhai/LearnRos2/chap03/topic_ws/install/demo_python_topic:/opt/ros/humble /usr/bin/cmake --install /home/xkzhai/LearnRos2/chap03/topic_ws/build/demo_cpp_topic
[0.124s] -- Install configuration: ""
[0.124s] -- Up-to-date: /home/xkzhai/LearnRos2/chap03/topic_ws/install/demo_cpp_topic/lib/demo_cpp_topic/turtle_circle
[0.124s] -- Up-to-date: /home/xkzhai/LearnRos2/chap03/topic_ws/install/demo_cpp_topic/share/ament_index/resource_index/package_run_dependencies/demo_cpp_topic
[0.124s] -- Up-to-date: /home/xkzhai/LearnRos2/chap03/topic_ws/install/demo_cpp_topic/share/ament_index/resource_index/parent_prefix_path/demo_cpp_topic
[0.124s] -- Up-to-date: /home/xkzhai/LearnRos2/chap03/topic_ws/install/demo_cpp_topic/share/demo_cpp_topic/environment/ament_prefix_path.sh
[0.124s] -- Up-to-date: /home/xkzhai/LearnRos2/chap03/topic_ws/install/demo_cpp_topic/share/demo_cpp_topic/environment/ament_prefix_path.dsv
[0.124s] -- Up-to-date: /home/xkzhai/LearnRos2/chap03/topic_ws/install/demo_cpp_topic/share/demo_cpp_topic/environment/path.sh
[0.124s] -- Up-to-date: /home/xkzhai/LearnRos2/chap03/topic_ws/install/demo_cpp_topic/share/demo_cpp_topic/environment/path.dsv
[0.124s] -- Up-to-date: /home/xkzhai/LearnRos2/chap03/topic_ws/install/demo_cpp_topic/share/demo_cpp_topic/local_setup.bash
[0.124s] -- Up-to-date: /home/xkzhai/LearnRos2/chap03/topic_ws/install/demo_cpp_topic/share/demo_cpp_topic/local_setup.sh
[0.124s] -- Up-to-date: /home/xkzhai/LearnRos2/chap03/topic_ws/install/demo_cpp_topic/share/demo_cpp_topic/local_setup.zsh
[0.124s] -- Up-to-date: /home/xkzhai/LearnRos2/chap03/topic_ws/install/demo_cpp_topic/share/demo_cpp_topic/local_setup.dsv
[0.124s] -- Installing: /home/xkzhai/LearnRos2/chap03/topic_ws/install/demo_cpp_topic/share/demo_cpp_topic/package.dsv
[0.124s] -- Up-to-date: /home/xkzhai/LearnRos2/chap03/topic_ws/install/demo_cpp_topic/share/ament_index/resource_index/packages/demo_cpp_topic
[0.124s] -- Up-to-date: /home/xkzhai/LearnRos2/chap03/topic_ws/install/demo_cpp_topic/share/demo_cpp_topic/cmake/demo_cpp_topicConfig.cmake
[0.124s] -- Up-to-date: /home/xkzhai/LearnRos2/chap03/topic_ws/install/demo_cpp_topic/share/demo_cpp_topic/cmake/demo_cpp_topicConfig-version.cmake
[0.124s] -- Up-to-date: /home/xkzhai/LearnRos2/chap03/topic_ws/install/demo_cpp_topic/share/demo_cpp_topic/package.xml
[0.125s] Invoked command in '/home/xkzhai/LearnRos2/chap03/topic_ws/build/demo_cpp_topic' returned '0': CMAKE_PREFIX_PATH=/home/xkzhai/LearnRos2/chap03/topic_ws/install/demo_python_topic:/opt/ros/humble /usr/bin/cmake --install /home/xkzhai/LearnRos2/chap03/topic_ws/build/demo_cpp_topic
