[0.005s] Invoking command in '/home/xkzhai/LearnRos2/chap02/chap02_ws/build/demo_cpp_pkg': CMAKE_PREFIX_PATH=${CMAKE_PREFIX_PATH}:/home/xkzhai/LearnRos2/chap02/chap02_ws/install/demo_python_pkg:/opt/ros/humble /usr/bin/cmake --build /home/xkzhai/LearnRos2/chap02/chap02_ws/build/demo_cpp_pkg -- -j24 -l24
[0.018s] -- Found ament_cmake: 1.3.11 (/opt/ros/humble/share/ament_cmake/cmake)
[0.104s] -- Found rclcpp: 16.0.11 (/opt/ros/humble/share/rclcpp/cmake)
[0.117s] -- Found rosidl_generator_c: 3.1.6 (/opt/ros/humble/share/rosidl_generator_c/cmake)
[0.118s] -- Found rosidl_adapter: 3.1.6 (/opt/ros/humble/share/rosidl_adapter/cmake)
[0.120s] -- Found rosidl_generator_cpp: 3.1.6 (/opt/ros/humble/share/rosidl_generator_cpp/cmake)
[0.125s] -- Using all available rosidl_typesupport_c: rosidl_typesupport_fastrtps_c;rosidl_typesupport_introspection_c
[0.130s] -- Using all available rosidl_typesupport_cpp: rosidl_typesupport_fastrtps_cpp;rosidl_typesupport_introspection_cpp
[0.144s] -- Found rmw_implementation_cmake: 6.1.2 (/opt/ros/humble/share/rmw_implementation_cmake/cmake)
[0.145s] -- Found rmw_fastrtps_cpp: 6.2.7 (/opt/ros/humble/share/rmw_fastrtps_cpp/cmake)
[0.200s] -- Using RMW implementation 'rmw_fastrtps_cpp' as default
[0.229s] -- Found ament_lint_auto: 0.12.11 (/opt/ros/humble/share/ament_lint_auto/cmake)
[0.260s] -- Added test 'cppcheck' to perform static code analysis on C / C++ code
[0.260s] -- Configured cppcheck include dirs: 
[0.260s] -- Configured cppcheck exclude dirs and/or files: 
[0.260s] -- Added test 'lint_cmake' to check CMake code style
[0.260s] -- Added test 'uncrustify' to check C / C++ code style
[0.260s] -- Configured uncrustify additional arguments: 
[0.260s] -- Added test 'xmllint' to check XML markup files
[0.261s] -- Configuring done
[0.267s] -- Generating done
[0.270s] -- Build files have been written to: /home/xkzhai/LearnRos2/chap02/chap02_ws/build/demo_cpp_pkg
[0.286s] [35m[1mConsolidate compiler generated dependencies of target learn_auto[0m
[0.286s] [35m[1mConsolidate compiler generated dependencies of target cpp_node[0m
[0.286s] [35m[1mConsolidate compiler generated dependencies of target person_node[0m
[0.292s] [ 12%] [32mBuilding CXX object CMakeFiles/learn_shared.dir/src/learn_shared.cpp.o[0m
[0.293s] [ 25%] [32mBuilding CXX object CMakeFiles/learn_auto.dir/src/learn_auto.cpp.o[0m
[0.298s] [ 50%] Built target person_node
[0.299s] [ 75%] Built target cpp_node
[0.405s] [ 87%] [32m[1mLinking CXX executable learn_auto[0m
[0.452s] [ 87%] Built target learn_auto
[0.455s] [100%] [32m[1mLinking CXX executable learn_shared[0m
[0.505s] [100%] Built target learn_shared
[0.511s] Invoked command in '/home/xkzhai/LearnRos2/chap02/chap02_ws/build/demo_cpp_pkg' returned '0': CMAKE_PREFIX_PATH=${CMAKE_PREFIX_PATH}:/home/xkzhai/LearnRos2/chap02/chap02_ws/install/demo_python_pkg:/opt/ros/humble /usr/bin/cmake --build /home/xkzhai/LearnRos2/chap02/chap02_ws/build/demo_cpp_pkg -- -j24 -l24
[0.518s] Invoking command in '/home/xkzhai/LearnRos2/chap02/chap02_ws/build/demo_cpp_pkg': CMAKE_PREFIX_PATH=${CMAKE_PREFIX_PATH}:/home/xkzhai/LearnRos2/chap02/chap02_ws/install/demo_python_pkg:/opt/ros/humble /usr/bin/cmake --install /home/xkzhai/LearnRos2/chap02/chap02_ws/build/demo_cpp_pkg
[0.526s] -- Install configuration: ""
[0.526s] -- Up-to-date: /home/xkzhai/LearnRos2/chap02/chap02_ws/install/demo_cpp_pkg/lib/demo_cpp_pkg/cpp_node
[0.526s] -- Up-to-date: /home/xkzhai/LearnRos2/chap02/chap02_ws/install/demo_cpp_pkg/lib/demo_cpp_pkg/person_node
[0.527s] -- Installing: /home/xkzhai/LearnRos2/chap02/chap02_ws/install/demo_cpp_pkg/lib/demo_cpp_pkg/learn_auto
[0.527s] -- Set runtime path of "/home/xkzhai/LearnRos2/chap02/chap02_ws/install/demo_cpp_pkg/lib/demo_cpp_pkg/learn_auto" to ""
[0.527s] -- Installing: /home/xkzhai/LearnRos2/chap02/chap02_ws/install/demo_cpp_pkg/lib/demo_cpp_pkg/learn_shared
[0.527s] -- Set runtime path of "/home/xkzhai/LearnRos2/chap02/chap02_ws/install/demo_cpp_pkg/lib/demo_cpp_pkg/learn_shared" to ""
[0.527s] -- Up-to-date: /home/xkzhai/LearnRos2/chap02/chap02_ws/install/demo_cpp_pkg/share/ament_index/resource_index/package_run_dependencies/demo_cpp_pkg
[0.528s] -- Up-to-date: /home/xkzhai/LearnRos2/chap02/chap02_ws/install/demo_cpp_pkg/share/ament_index/resource_index/parent_prefix_path/demo_cpp_pkg
[0.528s] -- Up-to-date: /home/xkzhai/LearnRos2/chap02/chap02_ws/install/demo_cpp_pkg/share/demo_cpp_pkg/environment/ament_prefix_path.sh
[0.528s] -- Installing: /home/xkzhai/LearnRos2/chap02/chap02_ws/install/demo_cpp_pkg/share/demo_cpp_pkg/environment/ament_prefix_path.dsv
[0.528s] -- Up-to-date: /home/xkzhai/LearnRos2/chap02/chap02_ws/install/demo_cpp_pkg/share/demo_cpp_pkg/environment/path.sh
[0.528s] -- Installing: /home/xkzhai/LearnRos2/chap02/chap02_ws/install/demo_cpp_pkg/share/demo_cpp_pkg/environment/path.dsv
[0.528s] -- Up-to-date: /home/xkzhai/LearnRos2/chap02/chap02_ws/install/demo_cpp_pkg/share/demo_cpp_pkg/local_setup.bash
[0.528s] -- Up-to-date: /home/xkzhai/LearnRos2/chap02/chap02_ws/install/demo_cpp_pkg/share/demo_cpp_pkg/local_setup.sh
[0.528s] -- Up-to-date: /home/xkzhai/LearnRos2/chap02/chap02_ws/install/demo_cpp_pkg/share/demo_cpp_pkg/local_setup.zsh
[0.528s] -- Installing: /home/xkzhai/LearnRos2/chap02/chap02_ws/install/demo_cpp_pkg/share/demo_cpp_pkg/local_setup.dsv
[0.528s] -- Installing: /home/xkzhai/LearnRos2/chap02/chap02_ws/install/demo_cpp_pkg/share/demo_cpp_pkg/package.dsv
[0.528s] -- Up-to-date: /home/xkzhai/LearnRos2/chap02/chap02_ws/install/demo_cpp_pkg/share/ament_index/resource_index/packages/demo_cpp_pkg
[0.528s] -- Up-to-date: /home/xkzhai/LearnRos2/chap02/chap02_ws/install/demo_cpp_pkg/share/demo_cpp_pkg/cmake/demo_cpp_pkgConfig.cmake
[0.528s] -- Up-to-date: /home/xkzhai/LearnRos2/chap02/chap02_ws/install/demo_cpp_pkg/share/demo_cpp_pkg/cmake/demo_cpp_pkgConfig-version.cmake
[0.528s] -- Up-to-date: /home/xkzhai/LearnRos2/chap02/chap02_ws/install/demo_cpp_pkg/share/demo_cpp_pkg/package.xml
[0.530s] Invoked command in '/home/xkzhai/LearnRos2/chap02/chap02_ws/build/demo_cpp_pkg' returned '0': CMAKE_PREFIX_PATH=${CMAKE_PREFIX_PATH}:/home/xkzhai/LearnRos2/chap02/chap02_ws/install/demo_python_pkg:/opt/ros/humble /usr/bin/cmake --install /home/xkzhai/LearnRos2/chap02/chap02_ws/build/demo_cpp_pkg
