[0.006s] Invoking command in '/home/xkzhai/LearnRos2/chap03/topic_ws/build/demo_cpp_topic': CMAKE_PREFIX_PATH=${CMAKE_PREFIX_PATH}:/home/xkzhai/LearnRos2/chap03/topic_ws/install/demo_python_topic:/opt/ros/humble /usr/bin/cmake --build /home/xkzhai/LearnRos2/chap03/topic_ws/build/demo_cpp_topic -- -j24 -l24
[0.024s] -- Found ament_cmake: 1.3.11 (/opt/ros/humble/share/ament_cmake/cmake)
[0.087s] -- Found rclcpp: 16.0.11 (/opt/ros/humble/share/rclcpp/cmake)
[0.100s] -- Found rosidl_generator_c: 3.1.6 (/opt/ros/humble/share/rosidl_generator_c/cmake)
[0.101s] -- Found rosidl_adapter: 3.1.6 (/opt/ros/humble/share/rosidl_adapter/cmake)
[0.103s] -- Found rosidl_generator_cpp: 3.1.6 (/opt/ros/humble/share/rosidl_generator_cpp/cmake)
[0.108s] -- Using all available rosidl_typesupport_c: rosidl_typesupport_fastrtps_c;rosidl_typesupport_introspection_c
[0.113s] -- Using all available rosidl_typesupport_cpp: rosidl_typesupport_fastrtps_cpp;rosidl_typesupport_introspection_cpp
[0.128s] -- Found rmw_implementation_cmake: 6.1.2 (/opt/ros/humble/share/rmw_implementation_cmake/cmake)
[0.128s] -- Found rmw_fastrtps_cpp: 6.2.7 (/opt/ros/humble/share/rmw_fastrtps_cpp/cmake)
[0.181s] -- Using RMW implementation 'rmw_fastrtps_cpp' as default
[0.203s] -- Found geometry_msgs: 4.2.4 (/opt/ros/humble/share/geometry_msgs/cmake)
[0.209s] -- Found turtlesim: 1.4.2 (/opt/ros/humble/share/turtlesim/cmake)
[0.226s] -- Found ament_lint_auto: 0.12.11 (/opt/ros/humble/share/ament_lint_auto/cmake)
[0.258s] -- Added test 'cppcheck' to perform static code analysis on C / C++ code
[0.258s] -- Configured cppcheck include dirs: 
[0.258s] -- Configured cppcheck exclude dirs and/or files: 
[0.259s] -- Added test 'lint_cmake' to check CMake code style
[0.259s] -- Added test 'uncrustify' to check C / C++ code style
[0.259s] -- Configured uncrustify additional arguments: 
[0.259s] -- Added test 'xmllint' to check XML markup files
[0.259s] -- Configuring done
[0.265s] -- Generating done
[0.267s] -- Build files have been written to: /home/xkzhai/LearnRos2/chap03/topic_ws/build/demo_cpp_topic
[0.282s] [35m[1mConsolidate compiler generated dependencies of target turtle_circle[0m
[0.287s] [ 25%] [32mBuilding CXX object CMakeFiles/turtle_control.dir/src/turtle_control.cpp.o[0m
[0.290s] [ 75%] Built target turtle_circle
[3.989s] [100%] [32m[1mLinking CXX executable turtle_control[0m
[4.190s] [100%] Built target turtle_control
[4.197s] Invoked command in '/home/xkzhai/LearnRos2/chap03/topic_ws/build/demo_cpp_topic' returned '0': CMAKE_PREFIX_PATH=${CMAKE_PREFIX_PATH}:/home/xkzhai/LearnRos2/chap03/topic_ws/install/demo_python_topic:/opt/ros/humble /usr/bin/cmake --build /home/xkzhai/LearnRos2/chap03/topic_ws/build/demo_cpp_topic -- -j24 -l24
[4.203s] Invoking command in '/home/xkzhai/LearnRos2/chap03/topic_ws/build/demo_cpp_topic': CMAKE_PREFIX_PATH=${CMAKE_PREFIX_PATH}:/home/xkzhai/LearnRos2/chap03/topic_ws/install/demo_python_topic:/opt/ros/humble /usr/bin/cmake --install /home/xkzhai/LearnRos2/chap03/topic_ws/build/demo_cpp_topic
[4.209s] -- Install configuration: ""
[4.209s] -- Up-to-date: /home/xkzhai/LearnRos2/chap03/topic_ws/install/demo_cpp_topic/lib/demo_cpp_topic/turtle_circle
[4.209s] -- Installing: /home/xkzhai/LearnRos2/chap03/topic_ws/install/demo_cpp_topic/lib/demo_cpp_topic/turtle_control
[4.211s] -- Set runtime path of "/home/xkzhai/LearnRos2/chap03/topic_ws/install/demo_cpp_topic/lib/demo_cpp_topic/turtle_control" to ""
[4.211s] -- Up-to-date: /home/xkzhai/LearnRos2/chap03/topic_ws/install/demo_cpp_topic/share/ament_index/resource_index/package_run_dependencies/demo_cpp_topic
[4.211s] -- Installing: /home/xkzhai/LearnRos2/chap03/topic_ws/install/demo_cpp_topic/share/ament_index/resource_index/parent_prefix_path/demo_cpp_topic
[4.211s] -- Up-to-date: /home/xkzhai/LearnRos2/chap03/topic_ws/install/demo_cpp_topic/share/demo_cpp_topic/environment/ament_prefix_path.sh
[4.211s] -- Installing: /home/xkzhai/LearnRos2/chap03/topic_ws/install/demo_cpp_topic/share/demo_cpp_topic/environment/ament_prefix_path.dsv
[4.211s] -- Up-to-date: /home/xkzhai/LearnRos2/chap03/topic_ws/install/demo_cpp_topic/share/demo_cpp_topic/environment/path.sh
[4.211s] -- Installing: /home/xkzhai/LearnRos2/chap03/topic_ws/install/demo_cpp_topic/share/demo_cpp_topic/environment/path.dsv
[4.211s] -- Up-to-date: /home/xkzhai/LearnRos2/chap03/topic_ws/install/demo_cpp_topic/share/demo_cpp_topic/local_setup.bash
[4.211s] -- Up-to-date: /home/xkzhai/LearnRos2/chap03/topic_ws/install/demo_cpp_topic/share/demo_cpp_topic/local_setup.sh
[4.211s] -- Up-to-date: /home/xkzhai/LearnRos2/chap03/topic_ws/install/demo_cpp_topic/share/demo_cpp_topic/local_setup.zsh
[4.211s] -- Installing: /home/xkzhai/LearnRos2/chap03/topic_ws/install/demo_cpp_topic/share/demo_cpp_topic/local_setup.dsv
[4.211s] -- Installing: /home/xkzhai/LearnRos2/chap03/topic_ws/install/demo_cpp_topic/share/demo_cpp_topic/package.dsv
[4.211s] -- Up-to-date: /home/xkzhai/LearnRos2/chap03/topic_ws/install/demo_cpp_topic/share/ament_index/resource_index/packages/demo_cpp_topic
[4.211s] -- Up-to-date: /home/xkzhai/LearnRos2/chap03/topic_ws/install/demo_cpp_topic/share/demo_cpp_topic/cmake/demo_cpp_topicConfig.cmake
[4.211s] -- Up-to-date: /home/xkzhai/LearnRos2/chap03/topic_ws/install/demo_cpp_topic/share/demo_cpp_topic/cmake/demo_cpp_topicConfig-version.cmake
[4.211s] -- Up-to-date: /home/xkzhai/LearnRos2/chap03/topic_ws/install/demo_cpp_topic/share/demo_cpp_topic/package.xml
[4.212s] Invoked command in '/home/xkzhai/LearnRos2/chap03/topic_ws/build/demo_cpp_topic' returned '0': CMAKE_PREFIX_PATH=${CMAKE_PREFIX_PATH}:/home/xkzhai/LearnRos2/chap03/topic_ws/install/demo_python_topic:/opt/ros/humble /usr/bin/cmake --install /home/xkzhai/LearnRos2/chap03/topic_ws/build/demo_cpp_topic
