[0.007s] Invoking command in '/home/xkzhai/LearnRos2/chap02/chap02_ws/build/demo_cpp_pkg': CMAKE_PREFIX_PATH=${CMAKE_PREFIX_PATH}:/home/xkzhai/LearnRos2/chap02/install/demo_python_pkg:/opt/ros/humble /usr/bin/cmake /home/xkzhai/LearnRos2/chap02/chap02_ws/src/demo_cpp_pkg -DCMAKE_INSTALL_PREFIX=/home/xkzhai/LearnRos2/chap02/chap02_ws/install/demo_cpp_pkg
[0.036s] -- The C compiler identification is GNU 11.4.0
[0.065s] -- The CXX compiler identification is GNU 11.4.0
[0.068s] -- Detecting C compiler ABI info
[0.104s] -- Detecting C compiler ABI info - done
[0.107s] -- Check for working C compiler: /usr/bin/cc - skipped
[0.107s] -- Detecting C compile features
[0.108s] -- Detecting C compile features - done
[0.109s] -- Detecting CXX compiler ABI info
[0.154s] -- Detecting CXX compiler ABI info - done
[0.157s] -- Check for working CXX compiler: /usr/bin/c++ - skipped
[0.158s] -- Detecting CXX compile features
[0.158s] -- Detecting CXX compile features - done
[0.158s] -- Found ament_cmake: 1.3.11 (/opt/ros/humble/share/ament_cmake/cmake)
[0.232s] -- Found Python3: /usr/bin/python3 (found version "3.10.12") found components: Interpreter 
[0.275s] -- Found rclcpp: 16.0.11 (/opt/ros/humble/share/rclcpp/cmake)
[0.294s] -- Found rosidl_generator_c: 3.1.6 (/opt/ros/humble/share/rosidl_generator_c/cmake)
[0.296s] -- Found rosidl_adapter: 3.1.6 (/opt/ros/humble/share/rosidl_adapter/cmake)
[0.299s] -- Found rosidl_generator_cpp: 3.1.6 (/opt/ros/humble/share/rosidl_generator_cpp/cmake)
[0.304s] -- Using all available rosidl_typesupport_c: rosidl_typesupport_fastrtps_c;rosidl_typesupport_introspection_c
[0.311s] -- Using all available rosidl_typesupport_cpp: rosidl_typesupport_fastrtps_cpp;rosidl_typesupport_introspection_cpp
[0.328s] -- Found rmw_implementation_cmake: 6.1.2 (/opt/ros/humble/share/rmw_implementation_cmake/cmake)
[0.329s] -- Found rmw_fastrtps_cpp: 6.2.7 (/opt/ros/humble/share/rmw_fastrtps_cpp/cmake)
[0.375s] -- Found OpenSSL: /usr/lib/x86_64-linux-gnu/libcrypto.so (found version "3.0.2")  
[0.394s] -- Found FastRTPS: /opt/ros/humble/include  
[0.425s] -- Using RMW implementation 'rmw_fastrtps_cpp' as default
[0.428s] -- Looking for pthread.h
[0.493s] -- Looking for pthread.h - found
[0.493s] -- Performing Test CMAKE_HAVE_LIBC_PTHREAD
[0.566s] -- Performing Test CMAKE_HAVE_LIBC_PTHREAD - Success
[0.567s] -- Found Threads: TRUE  
[0.602s] -- Found ament_lint_auto: 0.12.11 (/opt/ros/humble/share/ament_lint_auto/cmake)
[0.635s] -- Added test 'cppcheck' to perform static code analysis on C / C++ code
[0.636s] -- Configured cppcheck include dirs: 
[0.636s] -- Configured cppcheck exclude dirs and/or files: 
[0.636s] -- Added test 'lint_cmake' to check CMake code style
[0.636s] -- Added test 'uncrustify' to check C / C++ code style
[0.636s] -- Configured uncrustify additional arguments: 
[0.636s] -- Added test 'xmllint' to check XML markup files
[0.637s] -- Configuring done
[0.641s] -- Generating done
[0.643s] -- Build files have been written to: /home/xkzhai/LearnRos2/chap02/chap02_ws/build/demo_cpp_pkg
[0.650s] Invoked command in '/home/xkzhai/LearnRos2/chap02/chap02_ws/build/demo_cpp_pkg' returned '0': CMAKE_PREFIX_PATH=${CMAKE_PREFIX_PATH}:/home/xkzhai/LearnRos2/chap02/install/demo_python_pkg:/opt/ros/humble /usr/bin/cmake /home/xkzhai/LearnRos2/chap02/chap02_ws/src/demo_cpp_pkg -DCMAKE_INSTALL_PREFIX=/home/xkzhai/LearnRos2/chap02/chap02_ws/install/demo_cpp_pkg
[0.651s] Invoking command in '/home/xkzhai/LearnRos2/chap02/chap02_ws/build/demo_cpp_pkg': CMAKE_PREFIX_PATH=${CMAKE_PREFIX_PATH}:/home/xkzhai/LearnRos2/chap02/install/demo_python_pkg:/opt/ros/humble /usr/bin/cmake --build /home/xkzhai/LearnRos2/chap02/chap02_ws/build/demo_cpp_pkg -- -j24 -l24
[0.686s] [ 50%] [32mBuilding CXX object CMakeFiles/cpp_node.dir/src/cpp_node.cpp.o[0m
[1.899s] [100%] [32m[1mLinking CXX executable cpp_node[0m
[1.956s] [100%] Built target cpp_node
[1.962s] Invoked command in '/home/xkzhai/LearnRos2/chap02/chap02_ws/build/demo_cpp_pkg' returned '0': CMAKE_PREFIX_PATH=${CMAKE_PREFIX_PATH}:/home/xkzhai/LearnRos2/chap02/install/demo_python_pkg:/opt/ros/humble /usr/bin/cmake --build /home/xkzhai/LearnRos2/chap02/chap02_ws/build/demo_cpp_pkg -- -j24 -l24
[1.968s] Invoking command in '/home/xkzhai/LearnRos2/chap02/chap02_ws/build/demo_cpp_pkg': CMAKE_PREFIX_PATH=${CMAKE_PREFIX_PATH}:/home/xkzhai/LearnRos2/chap02/install/demo_python_pkg:/opt/ros/humble /usr/bin/cmake --install /home/xkzhai/LearnRos2/chap02/chap02_ws/build/demo_cpp_pkg
[1.973s] -- Install configuration: ""
[1.973s] -- Installing: /home/xkzhai/LearnRos2/chap02/chap02_ws/install/demo_cpp_pkg/lib/demo_cpp_pkg/cpp_node
[1.973s] -- Set runtime path of "/home/xkzhai/LearnRos2/chap02/chap02_ws/install/demo_cpp_pkg/lib/demo_cpp_pkg/cpp_node" to ""
[1.973s] -- Installing: /home/xkzhai/LearnRos2/chap02/chap02_ws/install/demo_cpp_pkg/share/ament_index/resource_index/package_run_dependencies/demo_cpp_pkg
[1.973s] -- Installing: /home/xkzhai/LearnRos2/chap02/chap02_ws/install/demo_cpp_pkg/share/ament_index/resource_index/parent_prefix_path/demo_cpp_pkg
[1.973s] -- Installing: /home/xkzhai/LearnRos2/chap02/chap02_ws/install/demo_cpp_pkg/share/demo_cpp_pkg/environment/ament_prefix_path.sh
[1.973s] -- Installing: /home/xkzhai/LearnRos2/chap02/chap02_ws/install/demo_cpp_pkg/share/demo_cpp_pkg/environment/ament_prefix_path.dsv
[1.973s] -- Installing: /home/xkzhai/LearnRos2/chap02/chap02_ws/install/demo_cpp_pkg/share/demo_cpp_pkg/environment/path.sh
[1.973s] -- Installing: /home/xkzhai/LearnRos2/chap02/chap02_ws/install/demo_cpp_pkg/share/demo_cpp_pkg/environment/path.dsv
[1.973s] -- Installing: /home/xkzhai/LearnRos2/chap02/chap02_ws/install/demo_cpp_pkg/share/demo_cpp_pkg/local_setup.bash
[1.973s] -- Installing: /home/xkzhai/LearnRos2/chap02/chap02_ws/install/demo_cpp_pkg/share/demo_cpp_pkg/local_setup.sh
[1.973s] -- Installing: /home/xkzhai/LearnRos2/chap02/chap02_ws/install/demo_cpp_pkg/share/demo_cpp_pkg/local_setup.zsh
[1.973s] -- Installing: /home/xkzhai/LearnRos2/chap02/chap02_ws/install/demo_cpp_pkg/share/demo_cpp_pkg/local_setup.dsv
[1.974s] -- Installing: /home/xkzhai/LearnRos2/chap02/chap02_ws/install/demo_cpp_pkg/share/demo_cpp_pkg/package.dsv
[1.974s] -- Installing: /home/xkzhai/LearnRos2/chap02/chap02_ws/install/demo_cpp_pkg/share/ament_index/resource_index/packages/demo_cpp_pkg
[1.974s] -- Installing: /home/xkzhai/LearnRos2/chap02/chap02_ws/install/demo_cpp_pkg/share/demo_cpp_pkg/cmake/demo_cpp_pkgConfig.cmake
[1.974s] -- Installing: /home/xkzhai/LearnRos2/chap02/chap02_ws/install/demo_cpp_pkg/share/demo_cpp_pkg/cmake/demo_cpp_pkgConfig-version.cmake
[1.974s] -- Installing: /home/xkzhai/LearnRos2/chap02/chap02_ws/install/demo_cpp_pkg/share/demo_cpp_pkg/package.xml
[1.975s] Invoked command in '/home/xkzhai/LearnRos2/chap02/chap02_ws/build/demo_cpp_pkg' returned '0': CMAKE_PREFIX_PATH=${CMAKE_PREFIX_PATH}:/home/xkzhai/LearnRos2/chap02/install/demo_python_pkg:/opt/ros/humble /usr/bin/cmake --install /home/xkzhai/LearnRos2/chap02/chap02_ws/build/demo_cpp_pkg
