[0.006s] Invoking command in '/home/xkzhai/LearnRos2/chap03/topic_ws/build/demo_cpp_topic': CMAKE_PREFIX_PATH=/home/xkzhai/LearnRos2/chap03/topic_ws/install/demo_python_topic:/opt/ros/humble /usr/bin/cmake /home/xkzhai/LearnRos2/chap03/topic_ws/src/demo_cpp_topic -DCMAKE_INSTALL_PREFIX=/home/xkzhai/LearnRos2/chap03/topic_ws/install/demo_cpp_topic
[0.080s] -- The C compiler identification is GNU 11.4.0
[0.139s] -- The CXX compiler identification is GNU 11.4.0
[0.146s] -- Detecting C compiler ABI info
[0.188s] -- Detecting C compiler ABI info - done
[0.191s] -- Check for working C compiler: /usr/bin/cc - skipped
[0.192s] -- Detecting C compile features
[0.192s] -- Detecting C compile features - done
[0.194s] -- Detecting CXX compiler ABI info
[0.239s] -- Detecting CXX compiler ABI info - done
[0.243s] -- Check for working CXX compiler: /usr/bin/c++ - skipped
[0.243s] -- Detecting CXX compile features
[0.243s] -- Detecting CXX compile features - done
[0.245s] -- Found ament_cmake: 1.3.11 (/opt/ros/humble/share/ament_cmake/cmake)
[0.322s] -- Found Python3: /usr/bin/python3 (found version "3.10.12") found components: Interpreter 
[0.374s] -- Found rclcpp: 16.0.11 (/opt/ros/humble/share/rclcpp/cmake)
[0.407s] -- Found rosidl_generator_c: 3.1.6 (/opt/ros/humble/share/rosidl_generator_c/cmake)
[0.410s] -- Found rosidl_adapter: 3.1.6 (/opt/ros/humble/share/rosidl_adapter/cmake)
[0.415s] -- Found rosidl_generator_cpp: 3.1.6 (/opt/ros/humble/share/rosidl_generator_cpp/cmake)
[0.425s] -- Using all available rosidl_typesupport_c: rosidl_typesupport_fastrtps_c;rosidl_typesupport_introspection_c
[0.435s] -- Using all available rosidl_typesupport_cpp: rosidl_typesupport_fastrtps_cpp;rosidl_typesupport_introspection_cpp
[0.462s] -- Found rmw_implementation_cmake: 6.1.2 (/opt/ros/humble/share/rmw_implementation_cmake/cmake)
[0.464s] -- Found rmw_fastrtps_cpp: 6.2.7 (/opt/ros/humble/share/rmw_fastrtps_cpp/cmake)
[0.519s] -- Found OpenSSL: /usr/lib/x86_64-linux-gnu/libcrypto.so (found version "3.0.2")  
[0.549s] -- Found FastRTPS: /opt/ros/humble/include  
[0.573s] -- Using RMW implementation 'rmw_fastrtps_cpp' as default
[0.579s] -- Looking for pthread.h
[0.642s] -- Looking for pthread.h - found
[0.643s] -- Performing Test CMAKE_HAVE_LIBC_PTHREAD
[0.714s] -- Performing Test CMAKE_HAVE_LIBC_PTHREAD - Success
[0.715s] -- Found Threads: TRUE  
[0.770s] -- Found geometry_msgs: 4.2.4 (/opt/ros/humble/share/geometry_msgs/cmake)
[0.779s] -- Found turtlesim: 1.4.2 (/opt/ros/humble/share/turtlesim/cmake)
[0.805s] -- Found ament_lint_auto: 0.12.11 (/opt/ros/humble/share/ament_lint_auto/cmake)
[0.846s] -- Added test 'cppcheck' to perform static code analysis on C / C++ code
[0.846s] -- Configured cppcheck include dirs: 
[0.846s] -- Configured cppcheck exclude dirs and/or files: 
[0.846s] -- Added test 'lint_cmake' to check CMake code style
[0.847s] -- Added test 'uncrustify' to check C / C++ code style
[0.847s] -- Configured uncrustify additional arguments: 
[0.847s] -- Added test 'xmllint' to check XML markup files
[0.848s] -- Configuring done
[0.852s] -- Generating done
[0.853s] -- Build files have been written to: /home/xkzhai/LearnRos2/chap03/topic_ws/build/demo_cpp_topic
[0.859s] Invoked command in '/home/xkzhai/LearnRos2/chap03/topic_ws/build/demo_cpp_topic' returned '0': CMAKE_PREFIX_PATH=/home/xkzhai/LearnRos2/chap03/topic_ws/install/demo_python_topic:/opt/ros/humble /usr/bin/cmake /home/xkzhai/LearnRos2/chap03/topic_ws/src/demo_cpp_topic -DCMAKE_INSTALL_PREFIX=/home/xkzhai/LearnRos2/chap03/topic_ws/install/demo_cpp_topic
[0.859s] Invoking command in '/home/xkzhai/LearnRos2/chap03/topic_ws/build/demo_cpp_topic': CMAKE_PREFIX_PATH=/home/xkzhai/LearnRos2/chap03/topic_ws/install/demo_python_topic:/opt/ros/humble /usr/bin/cmake --build /home/xkzhai/LearnRos2/chap03/topic_ws/build/demo_cpp_topic -- -j24 -l24
[0.884s] [ 50%] [32mBuilding CXX object CMakeFiles/turtle_circle.dir/src/turtle_circle.cpp.o[0m
[2.812s] [100%] [32m[1mLinking CXX executable turtle_circle[0m
[2.912s] [100%] Built target turtle_circle
[2.919s] Invoked command in '/home/xkzhai/LearnRos2/chap03/topic_ws/build/demo_cpp_topic' returned '0': CMAKE_PREFIX_PATH=/home/xkzhai/LearnRos2/chap03/topic_ws/install/demo_python_topic:/opt/ros/humble /usr/bin/cmake --build /home/xkzhai/LearnRos2/chap03/topic_ws/build/demo_cpp_topic -- -j24 -l24
[2.925s] Invoking command in '/home/xkzhai/LearnRos2/chap03/topic_ws/build/demo_cpp_topic': CMAKE_PREFIX_PATH=/home/xkzhai/LearnRos2/chap03/topic_ws/install/demo_python_topic:/opt/ros/humble /usr/bin/cmake --install /home/xkzhai/LearnRos2/chap03/topic_ws/build/demo_cpp_topic
[2.929s] -- Install configuration: ""
[2.929s] -- Installing: /home/xkzhai/LearnRos2/chap03/topic_ws/install/demo_cpp_topic/lib/demo_cpp_topic/turtle_circle
[2.930s] -- Set runtime path of "/home/xkzhai/LearnRos2/chap03/topic_ws/install/demo_cpp_topic/lib/demo_cpp_topic/turtle_circle" to ""
[2.930s] -- Installing: /home/xkzhai/LearnRos2/chap03/topic_ws/install/demo_cpp_topic/share/ament_index/resource_index/package_run_dependencies/demo_cpp_topic
[2.930s] -- Installing: /home/xkzhai/LearnRos2/chap03/topic_ws/install/demo_cpp_topic/share/ament_index/resource_index/parent_prefix_path/demo_cpp_topic
[2.930s] -- Installing: /home/xkzhai/LearnRos2/chap03/topic_ws/install/demo_cpp_topic/share/demo_cpp_topic/environment/ament_prefix_path.sh
[2.930s] -- Installing: /home/xkzhai/LearnRos2/chap03/topic_ws/install/demo_cpp_topic/share/demo_cpp_topic/environment/ament_prefix_path.dsv
[2.930s] -- Installing: /home/xkzhai/LearnRos2/chap03/topic_ws/install/demo_cpp_topic/share/demo_cpp_topic/environment/path.sh
[2.930s] -- Installing: /home/xkzhai/LearnRos2/chap03/topic_ws/install/demo_cpp_topic/share/demo_cpp_topic/environment/path.dsv
[2.930s] -- Installing: /home/xkzhai/LearnRos2/chap03/topic_ws/install/demo_cpp_topic/share/demo_cpp_topic/local_setup.bash
[2.930s] -- Installing: /home/xkzhai/LearnRos2/chap03/topic_ws/install/demo_cpp_topic/share/demo_cpp_topic/local_setup.sh
[2.930s] -- Installing: /home/xkzhai/LearnRos2/chap03/topic_ws/install/demo_cpp_topic/share/demo_cpp_topic/local_setup.zsh
[2.930s] -- Installing: /home/xkzhai/LearnRos2/chap03/topic_ws/install/demo_cpp_topic/share/demo_cpp_topic/local_setup.dsv
[2.930s] -- Installing: /home/xkzhai/LearnRos2/chap03/topic_ws/install/demo_cpp_topic/share/demo_cpp_topic/package.dsv
[2.930s] -- Installing: /home/xkzhai/LearnRos2/chap03/topic_ws/install/demo_cpp_topic/share/ament_index/resource_index/packages/demo_cpp_topic
[2.930s] -- Installing: /home/xkzhai/LearnRos2/chap03/topic_ws/install/demo_cpp_topic/share/demo_cpp_topic/cmake/demo_cpp_topicConfig.cmake
[2.930s] -- Installing: /home/xkzhai/LearnRos2/chap03/topic_ws/install/demo_cpp_topic/share/demo_cpp_topic/cmake/demo_cpp_topicConfig-version.cmake
[2.930s] -- Installing: /home/xkzhai/LearnRos2/chap03/topic_ws/install/demo_cpp_topic/share/demo_cpp_topic/package.xml
[2.932s] Invoked command in '/home/xkzhai/LearnRos2/chap03/topic_ws/build/demo_cpp_topic' returned '0': CMAKE_PREFIX_PATH=/home/xkzhai/LearnRos2/chap03/topic_ws/install/demo_python_topic:/opt/ros/humble /usr/bin/cmake --install /home/xkzhai/LearnRos2/chap03/topic_ws/build/demo_cpp_topic
