[0.006s] Invoking command in '/home/xkzhai/LearnRos2/chap02/chap02_ws/build/demo_cpp_pkg': CMAKE_PREFIX_PATH=${CMAKE_PREFIX_PATH}:/home/xkzhai/LearnRos2/chap02/chap02_ws/install/demo_python_pkg:/opt/ros/humble /usr/bin/cmake --build /home/xkzhai/LearnRos2/chap02/chap02_ws/build/demo_cpp_pkg -- -j24 -l24
[0.030s] [35m[1mConsolidate compiler generated dependencies of target learn_lambda[0m
[0.031s] [35m[1mConsolidate compiler generated dependencies of target learn_auto[0m
[0.032s] [35m[1mConsolidate compiler generated dependencies of target learn_shared[0m
[0.035s] [  8%] [32mBuilding CXX object CMakeFiles/learn_function.dir/src/learn_function.cpp.o[0m
[0.038s] [ 25%] Built target cpp_node
[0.040s] [ 41%] Built target learn_lambda
[0.042s] [ 58%] Built target learn_auto
[0.043s] [ 75%] Built target learn_shared
[0.044s] [ 91%] Built target person_node
[0.225s] [100%] [32m[1mLinking CXX executable learn_function[0m
[0.268s] [100%] Built target learn_function
[0.274s] Invoked command in '/home/xkzhai/LearnRos2/chap02/chap02_ws/build/demo_cpp_pkg' returned '0': CMAKE_PREFIX_PATH=${CMAKE_PREFIX_PATH}:/home/xkzhai/LearnRos2/chap02/chap02_ws/install/demo_python_pkg:/opt/ros/humble /usr/bin/cmake --build /home/xkzhai/LearnRos2/chap02/chap02_ws/build/demo_cpp_pkg -- -j24 -l24
[0.280s] Invoking command in '/home/xkzhai/LearnRos2/chap02/chap02_ws/build/demo_cpp_pkg': CMAKE_PREFIX_PATH=${CMAKE_PREFIX_PATH}:/home/xkzhai/LearnRos2/chap02/chap02_ws/install/demo_python_pkg:/opt/ros/humble /usr/bin/cmake --install /home/xkzhai/LearnRos2/chap02/chap02_ws/build/demo_cpp_pkg
[0.285s] -- Install configuration: ""
[0.285s] -- Up-to-date: /home/xkzhai/LearnRos2/chap02/chap02_ws/install/demo_cpp_pkg/lib/demo_cpp_pkg/cpp_node
[0.285s] -- Up-to-date: /home/xkzhai/LearnRos2/chap02/chap02_ws/install/demo_cpp_pkg/lib/demo_cpp_pkg/person_node
[0.285s] -- Up-to-date: /home/xkzhai/LearnRos2/chap02/chap02_ws/install/demo_cpp_pkg/lib/demo_cpp_pkg/learn_auto
[0.285s] -- Up-to-date: /home/xkzhai/LearnRos2/chap02/chap02_ws/install/demo_cpp_pkg/lib/demo_cpp_pkg/learn_shared
[0.285s] -- Up-to-date: /home/xkzhai/LearnRos2/chap02/chap02_ws/install/demo_cpp_pkg/lib/demo_cpp_pkg/learn_lambda
[0.285s] -- Installing: /home/xkzhai/LearnRos2/chap02/chap02_ws/install/demo_cpp_pkg/lib/demo_cpp_pkg/learn_function
[0.286s] -- Up-to-date: /home/xkzhai/LearnRos2/chap02/chap02_ws/install/demo_cpp_pkg/share/ament_index/resource_index/package_run_dependencies/demo_cpp_pkg
[0.286s] -- Up-to-date: /home/xkzhai/LearnRos2/chap02/chap02_ws/install/demo_cpp_pkg/share/ament_index/resource_index/parent_prefix_path/demo_cpp_pkg
[0.286s] -- Up-to-date: /home/xkzhai/LearnRos2/chap02/chap02_ws/install/demo_cpp_pkg/share/demo_cpp_pkg/environment/ament_prefix_path.sh
[0.286s] -- Up-to-date: /home/xkzhai/LearnRos2/chap02/chap02_ws/install/demo_cpp_pkg/share/demo_cpp_pkg/environment/ament_prefix_path.dsv
[0.286s] -- Up-to-date: /home/xkzhai/LearnRos2/chap02/chap02_ws/install/demo_cpp_pkg/share/demo_cpp_pkg/environment/path.sh
[0.286s] -- Up-to-date: /home/xkzhai/LearnRos2/chap02/chap02_ws/install/demo_cpp_pkg/share/demo_cpp_pkg/environment/path.dsv
[0.286s] -- Up-to-date: /home/xkzhai/LearnRos2/chap02/chap02_ws/install/demo_cpp_pkg/share/demo_cpp_pkg/local_setup.bash
[0.286s] -- Up-to-date: /home/xkzhai/LearnRos2/chap02/chap02_ws/install/demo_cpp_pkg/share/demo_cpp_pkg/local_setup.sh
[0.286s] -- Up-to-date: /home/xkzhai/LearnRos2/chap02/chap02_ws/install/demo_cpp_pkg/share/demo_cpp_pkg/local_setup.zsh
[0.286s] -- Up-to-date: /home/xkzhai/LearnRos2/chap02/chap02_ws/install/demo_cpp_pkg/share/demo_cpp_pkg/local_setup.dsv
[0.286s] -- Up-to-date: /home/xkzhai/LearnRos2/chap02/chap02_ws/install/demo_cpp_pkg/share/demo_cpp_pkg/package.dsv
[0.286s] -- Up-to-date: /home/xkzhai/LearnRos2/chap02/chap02_ws/install/demo_cpp_pkg/share/ament_index/resource_index/packages/demo_cpp_pkg
[0.286s] -- Up-to-date: /home/xkzhai/LearnRos2/chap02/chap02_ws/install/demo_cpp_pkg/share/demo_cpp_pkg/cmake/demo_cpp_pkgConfig.cmake
[0.286s] -- Up-to-date: /home/xkzhai/LearnRos2/chap02/chap02_ws/install/demo_cpp_pkg/share/demo_cpp_pkg/cmake/demo_cpp_pkgConfig-version.cmake
[0.286s] -- Up-to-date: /home/xkzhai/LearnRos2/chap02/chap02_ws/install/demo_cpp_pkg/share/demo_cpp_pkg/package.xml
[0.288s] Invoked command in '/home/xkzhai/LearnRos2/chap02/chap02_ws/build/demo_cpp_pkg' returned '0': CMAKE_PREFIX_PATH=${CMAKE_PREFIX_PATH}:/home/xkzhai/LearnRos2/chap02/chap02_ws/install/demo_python_pkg:/opt/ros/humble /usr/bin/cmake --install /home/xkzhai/LearnRos2/chap02/chap02_ws/build/demo_cpp_pkg
