[0.005s] Invoking command in '/home/xkzhai/LearnRos2/chap02/chap02_ws/build/demo_cpp_pkg': CMAKE_PREFIX_PATH=${CMAKE_PREFIX_PATH}:/home/xkzhai/LearnRos2/chap02/chap02_ws/install/demo_python_pkg:/opt/ros/humble /usr/bin/cmake --build /home/xkzhai/LearnRos2/chap02/chap02_ws/build/demo_cpp_pkg -- -j24 -l24
[0.022s] -- Found ament_cmake: 1.3.11 (/opt/ros/humble/share/ament_cmake/cmake)
[0.099s] -- Found rclcpp: 16.0.11 (/opt/ros/humble/share/rclcpp/cmake)
[0.111s] -- Found rosidl_generator_c: 3.1.6 (/opt/ros/humble/share/rosidl_generator_c/cmake)
[0.113s] -- Found rosidl_adapter: 3.1.6 (/opt/ros/humble/share/rosidl_adapter/cmake)
[0.115s] -- Found rosidl_generator_cpp: 3.1.6 (/opt/ros/humble/share/rosidl_generator_cpp/cmake)
[0.119s] -- Using all available rosidl_typesupport_c: rosidl_typesupport_fastrtps_c;rosidl_typesupport_introspection_c
[0.125s] -- Using all available rosidl_typesupport_cpp: rosidl_typesupport_fastrtps_cpp;rosidl_typesupport_introspection_cpp
[0.139s] -- Found rmw_implementation_cmake: 6.1.2 (/opt/ros/humble/share/rmw_implementation_cmake/cmake)
[0.140s] -- Found rmw_fastrtps_cpp: 6.2.7 (/opt/ros/humble/share/rmw_fastrtps_cpp/cmake)
[0.200s] -- Using RMW implementation 'rmw_fastrtps_cpp' as default
[0.232s] -- Found ament_lint_auto: 0.12.11 (/opt/ros/humble/share/ament_lint_auto/cmake)
[0.263s] -- Added test 'cppcheck' to perform static code analysis on C / C++ code
[0.263s] -- Configured cppcheck include dirs: 
[0.263s] -- Configured cppcheck exclude dirs and/or files: 
[0.263s] -- Added test 'lint_cmake' to check CMake code style
[0.263s] -- Added test 'uncrustify' to check C / C++ code style
[0.263s] -- Configured uncrustify additional arguments: 
[0.263s] -- Added test 'xmllint' to check XML markup files
[0.264s] -- Configuring done
[0.268s] -- Generating done
[0.270s] -- Build files have been written to: /home/xkzhai/LearnRos2/chap02/chap02_ws/build/demo_cpp_pkg
[0.285s] [35m[1mConsolidate compiler generated dependencies of target cpp_node[0m
[0.291s] [ 25%] [32mBuilding CXX object CMakeFiles/person_node.dir/src/person_node.cpp.o[0m
[0.292s] [ 75%] Built target cpp_node
[1.483s] [100%] [32m[1mLinking CXX executable person_node[0m
[1.544s] [100%] Built target person_node
[1.551s] Invoked command in '/home/xkzhai/LearnRos2/chap02/chap02_ws/build/demo_cpp_pkg' returned '0': CMAKE_PREFIX_PATH=${CMAKE_PREFIX_PATH}:/home/xkzhai/LearnRos2/chap02/chap02_ws/install/demo_python_pkg:/opt/ros/humble /usr/bin/cmake --build /home/xkzhai/LearnRos2/chap02/chap02_ws/build/demo_cpp_pkg -- -j24 -l24
[1.558s] Invoking command in '/home/xkzhai/LearnRos2/chap02/chap02_ws/build/demo_cpp_pkg': CMAKE_PREFIX_PATH=${CMAKE_PREFIX_PATH}:/home/xkzhai/LearnRos2/chap02/chap02_ws/install/demo_python_pkg:/opt/ros/humble /usr/bin/cmake --install /home/xkzhai/LearnRos2/chap02/chap02_ws/build/demo_cpp_pkg
[1.564s] -- Install configuration: ""
[1.564s] -- Up-to-date: /home/xkzhai/LearnRos2/chap02/chap02_ws/install/demo_cpp_pkg/lib/demo_cpp_pkg/cpp_node
[1.564s] -- Installing: /home/xkzhai/LearnRos2/chap02/chap02_ws/install/demo_cpp_pkg/lib/demo_cpp_pkg/person_node
[1.564s] -- Set runtime path of "/home/xkzhai/LearnRos2/chap02/chap02_ws/install/demo_cpp_pkg/lib/demo_cpp_pkg/person_node" to ""
[1.564s] -- Up-to-date: /home/xkzhai/LearnRos2/chap02/chap02_ws/install/demo_cpp_pkg/share/ament_index/resource_index/package_run_dependencies/demo_cpp_pkg
[1.565s] -- Installing: /home/xkzhai/LearnRos2/chap02/chap02_ws/install/demo_cpp_pkg/share/ament_index/resource_index/parent_prefix_path/demo_cpp_pkg
[1.565s] -- Up-to-date: /home/xkzhai/LearnRos2/chap02/chap02_ws/install/demo_cpp_pkg/share/demo_cpp_pkg/environment/ament_prefix_path.sh
[1.565s] -- Installing: /home/xkzhai/LearnRos2/chap02/chap02_ws/install/demo_cpp_pkg/share/demo_cpp_pkg/environment/ament_prefix_path.dsv
[1.565s] -- Up-to-date: /home/xkzhai/LearnRos2/chap02/chap02_ws/install/demo_cpp_pkg/share/demo_cpp_pkg/environment/path.sh
[1.565s] -- Installing: /home/xkzhai/LearnRos2/chap02/chap02_ws/install/demo_cpp_pkg/share/demo_cpp_pkg/environment/path.dsv
[1.565s] -- Up-to-date: /home/xkzhai/LearnRos2/chap02/chap02_ws/install/demo_cpp_pkg/share/demo_cpp_pkg/local_setup.bash
[1.565s] -- Up-to-date: /home/xkzhai/LearnRos2/chap02/chap02_ws/install/demo_cpp_pkg/share/demo_cpp_pkg/local_setup.sh
[1.565s] -- Up-to-date: /home/xkzhai/LearnRos2/chap02/chap02_ws/install/demo_cpp_pkg/share/demo_cpp_pkg/local_setup.zsh
[1.565s] -- Installing: /home/xkzhai/LearnRos2/chap02/chap02_ws/install/demo_cpp_pkg/share/demo_cpp_pkg/local_setup.dsv
[1.565s] -- Installing: /home/xkzhai/LearnRos2/chap02/chap02_ws/install/demo_cpp_pkg/share/demo_cpp_pkg/package.dsv
[1.565s] -- Up-to-date: /home/xkzhai/LearnRos2/chap02/chap02_ws/install/demo_cpp_pkg/share/ament_index/resource_index/packages/demo_cpp_pkg
[1.565s] -- Up-to-date: /home/xkzhai/LearnRos2/chap02/chap02_ws/install/demo_cpp_pkg/share/demo_cpp_pkg/cmake/demo_cpp_pkgConfig.cmake
[1.566s] -- Up-to-date: /home/xkzhai/LearnRos2/chap02/chap02_ws/install/demo_cpp_pkg/share/demo_cpp_pkg/cmake/demo_cpp_pkgConfig-version.cmake
[1.566s] -- Up-to-date: /home/xkzhai/LearnRos2/chap02/chap02_ws/install/demo_cpp_pkg/share/demo_cpp_pkg/package.xml
[1.567s] Invoked command in '/home/xkzhai/LearnRos2/chap02/chap02_ws/build/demo_cpp_pkg' returned '0': CMAKE_PREFIX_PATH=${CMAKE_PREFIX_PATH}:/home/xkzhai/LearnRos2/chap02/chap02_ws/install/demo_python_pkg:/opt/ros/humble /usr/bin/cmake --install /home/xkzhai/LearnRos2/chap02/chap02_ws/build/demo_cpp_pkg
